{"level":"info","message":"Hello from portofolio app","service":"portofolio-api"}
{"level":"info","message":"::1 - - [13/Oct/2025:14:44:01 +0000] \"GET / HTTP/1.1\" 200 27 \"-\" \"Mozilla/5.0 (Windows NT 10.0; Win64; x64) AppleWebKit/537.36 (KHTML, like Gecko) Chrome/141.0.0.0 Safari/537.36\"","service":"portofolio-api"}
{"level":"info","message":"::1 - - [13/Oct/2025:14:44:03 +0000] \"GET /favicon.ico HTTP/1.1\" 404 150 \"-\" \"Mozilla/5.0 (Windows NT 10.0; Win64; x64) AppleWebKit/537.36 (KHTML, like Gecko) Chrome/141.0.0.0 Safari/537.36\"","service":"portofolio-api"}
{"level":"info","message":"Hello from portofolio app","service":"portofolio-api"}
{"level":"info","message":"::1 - - [13/Oct/2025:14:57:11 +0000] \"GET / HTTP/1.1\" 200 27 \"-\" \"Mozilla/5.0 (Windows NT 10.0; Win64; x64) AppleWebKit/537.36 (KHTML, like Gecko) Chrome/141.0.0.0 Safari/537.36\"","service":"portofolio-api"}
{"level":"info","message":"Hello from portofolio app","service":"portofolio-api"}
{"level":"info","message":"::1 - - [13/Oct/2025:14:57:18 +0000] \"GET / HTTP/1.1\" 200 27 \"-\" \"HTTPie\"","service":"portofolio-api"}
{"level":"info","message":"::1 - - [13/Oct/2025:14:57:33 +0000] \"GET /api/auth/sign-up HTTP/1.1\" 404 155 \"-\" \"HTTPie\"","service":"portofolio-api"}
{"level":"info","message":"::1 - - [13/Oct/2025:14:57:45 +0000] \"POST /api/auth/sign-up HTTP/1.1\" 200 31 \"-\" \"HTTPie\"","service":"portofolio-api"}
{"level":"info","message":"::1 - - [13/Oct/2025:14:59:04 +0000] \"POST /api/auth/sign-up HTTP/1.1\" 200 45 \"-\" \"HTTPie\"","service":"portofolio-api"}
{"level":"info","message":"::1 - - [13/Oct/2025:14:59:24 +0000] \"POST /health HTTP/1.1\" 404 146 \"-\" \"HTTPie\"","service":"portofolio-api"}
{"level":"info","message":"::1 - - [13/Oct/2025:14:59:33 +0000] \"GET /health HTTP/1.1\" 200 74 \"-\" \"HTTPie\"","service":"portofolio-api"}
{"level":"info","message":"::1 - - [14/Oct/2025:13:39:32 +0000] \"POST /api/auth/sign-up HTTP/1.1\" 400 57 \"-\" \"HTTPie\"","service":"portofolio-api"}
{"level":"info","message":"::1 - - [14/Oct/2025:13:40:16 +0000] \"POST /api/auth/sign-up HTTP/1.1\" 400 57 \"-\" \"HTTPie\"","service":"portofolio-api"}
{"level":"info","message":"::1 - - [14/Oct/2025:13:41:48 +0000] \"POST /api/auth/sign-up HTTP/1.1\" 400 57 \"-\" \"HTTPie\"","service":"portofolio-api"}
{"level":"info","message":"user registered succesfully : ansori_test@gmail.com","service":"portofolio-api"}
{"level":"info","message":"::1 - - [14/Oct/2025:13:42:11 +0000] \"POST /api/auth/sign-up HTTP/1.1\" 201 108 \"-\" \"HTTPie\"","service":"portofolio-api"}
{"level":"info","message":"::1 - - [14/Oct/2025:13:44:07 +0000] \"POST /api/auth/sign-up HTTP/1.1\" 400 57 \"-\" \"HTTPie\"","service":"portofolio-api"}
{"level":"info","message":"::1 - - [14/Oct/2025:13:45:01 +0000] \"POST /api/auth/sign-up HTTP/1.1\" 400 57 \"-\" \"HTTPie\"","service":"portofolio-api"}
{"level":"info","message":"::1 - - [14/Oct/2025:13:46:23 +0000] \"POST /api/auth/sign-up HTTP/1.1\" 400 57 \"-\" \"HTTPie\"","service":"portofolio-api"}
{"level":"info","message":"::1 - - [14/Oct/2025:13:47:08 +0000] \"POST /api/auth/sign-up HTTP/1.1\" 500 1426 \"-\" \"HTTPie\"","service":"portofolio-api"}
{"level":"info","message":"::1 - - [14/Oct/2025:13:47:57 +0000] \"POST /api/auth/sign-up HTTP/1.1\" 400 57 \"-\" \"HTTPie\"","service":"portofolio-api"}
{"level":"info","message":"::1 - - [14/Oct/2025:13:50:02 +0000] \"POST /api/auth/sign-up HTTP/1.1\" 400 91 \"-\" \"HTTPie\"","service":"portofolio-api"}
{"level":"info","message":"::1 - - [14/Oct/2025:13:50:24 +0000] \"POST /api/auth/sign-up HTTP/1.1\" 400 91 \"-\" \"HTTPie\"","service":"portofolio-api"}
{"level":"info","message":"::1 - - [14/Oct/2025:13:51:12 +0000] \"POST /api/auth/sign-up HTTP/1.1\" 400 91 \"-\" \"HTTPie\"","service":"portofolio-api"}
{"level":"error","message":"Error creating user TypeError: object is not iterable (cannot read property Symbol(Symbol.iterator))","service":"portofolio-api"}
{"level":"info","message":"::1 - - [14/Oct/2025:14:48:01 +0000] \"POST /api/auth/sign-up HTTP/1.1\" 500 296 \"-\" \"HTTPie\"","service":"portofolio-api"}
{"level":"error","message":"Error creating user TypeError: object is not iterable (cannot read property Symbol(Symbol.iterator))","service":"portofolio-api"}
{"level":"info","message":"::1 - - [14/Oct/2025:14:48:42 +0000] \"POST /api/auth/sign-up HTTP/1.1\" 500 296 \"-\" \"HTTPie\"","service":"portofolio-api"}
{"level":"error","message":"Error creating user TypeError: object is not iterable (cannot read property Symbol(Symbol.iterator))","service":"portofolio-api"}
{"level":"error","message":"error while signup object is not iterable (cannot read property Symbol(Symbol.iterator))","service":"portofolio-api","stack":"TypeError: object is not iterable (cannot read property Symbol(Symbol.iterator))\n    at createUser (file:///E:/Projects/DevOpsTrain/devops-full/portofolio-backend/src/services/auth.service.js:28:23)\n    at async signUp (file:///E:/Projects/DevOpsTrain/devops-full/portofolio-backend/src/controllers/auth.controller.js:21:18)"}
{"level":"info","message":"::1 - - [14/Oct/2025:14:49:45 +0000] \"POST /api/auth/sign-up HTTP/1.1\" 500 477 \"-\" \"HTTPie\"","service":"portofolio-api"}
{"level":"info","message":"User undefined crated successfully","service":"portofolio-api"}
{"level":"error","message":"error while signup option sameSite is invalid","service":"portofolio-api","stack":"TypeError: option sameSite is invalid\n    at Object.serialize (E:\\Projects\\DevOpsTrain\\devops-full\\portofolio-backend\\node_modules\\cookie\\index.js:290:15)\n    at res.cookie (E:\\Projects\\DevOpsTrain\\devops-full\\portofolio-backend\\node_modules\\express\\lib\\response.js:777:36)\n    at Object.set (file:///E:/Projects/DevOpsTrain/devops-full/portofolio-backend/src/utils/cookies.js:9:9)\n    at signUp (file:///E:/Projects/DevOpsTrain/devops-full/portofolio-backend/src/controllers/auth.controller.js:29:13)\n    at process.processTicksAndRejections (node:internal/process/task_queues:95:5)"}
{"level":"info","message":"::1 - - [14/Oct/2025:14:53:50 +0000] \"POST /api/auth/sign-up HTTP/1.1\" 500 775 \"-\" \"HTTPie\"","service":"portofolio-api"}
{"level":"error","message":"Error creating user Error: Failed query: insert into \"users\" (\"id\", \"name\", \"email\", \"password\", \"role\", \"created_at\", \"updated_at\") values (default, $1, $2, $3, $4, default, default) returning \"id\", \"name\", \"role\", \"created_at\"\nparams: ansori_test,ansori_test@gmail.com,$2b$10$6/Gzza.OqEjg53B0niOG/.mPZ5npcrtbZ4yAOafK.NiOQYJ68VZuW,admin","service":"portofolio-api"}
{"cause":{"code":"23505","constraint":"users_email_unique","detail":"Key (email)=(ansori_test@gmail.com) already exists.","file":"nbtinsert.c","line":"667","name":"NeonDbError","routine":"_bt_check_unique","schema":"public","severity":"ERROR","table":"users"},"level":"error","message":"error while signup Failed query: insert into \"users\" (\"id\", \"name\", \"email\", \"password\", \"role\", \"created_at\", \"updated_at\") values (default, $1, $2, $3, $4, default, default) returning \"id\", \"name\", \"role\", \"created_at\"\nparams: ansori_test,ansori_test@gmail.com,$2b$10$6/Gzza.OqEjg53B0niOG/.mPZ5npcrtbZ4yAOafK.NiOQYJ68VZuW,admin","params":["ansori_test","ansori_test@gmail.com","$2b$10$6/Gzza.OqEjg53B0niOG/.mPZ5npcrtbZ4yAOafK.NiOQYJ68VZuW","admin"],"query":"insert into \"users\" (\"id\", \"name\", \"email\", \"password\", \"role\", \"created_at\", \"updated_at\") values (default, $1, $2, $3, $4, default, default) returning \"id\", \"name\", \"role\", \"created_at\"","service":"portofolio-api","stack":"Error: Failed query: insert into \"users\" (\"id\", \"name\", \"email\", \"password\", \"role\", \"created_at\", \"updated_at\") values (default, $1, $2, $3, $4, default, default) returning \"id\", \"name\", \"role\", \"created_at\"\nparams: ansori_test,ansori_test@gmail.com,$2b$10$6/Gzza.OqEjg53B0niOG/.mPZ5npcrtbZ4yAOafK.NiOQYJ68VZuW,admin\n    at NeonHttpPreparedQuery.queryWithCache (file:///E:/Projects/DevOpsTrain/devops-full/portofolio-backend/node_modules/drizzle-orm/pg-core/session.js:41:15)\n    at process.processTicksAndRejections (node:internal/process/task_queues:95:5)\n    at async NeonHttpPreparedQuery.execute (file:///E:/Projects/DevOpsTrain/devops-full/portofolio-backend/node_modules/drizzle-orm/neon-http/session.js:45:20)\n    at async createUser (file:///E:/Projects/DevOpsTrain/devops-full/portofolio-backend/src/services/auth.service.js:28:23)\n    at async signUp (file:///E:/Projects/DevOpsTrain/devops-full/portofolio-backend/src/controllers/auth.controller.js:21:18)"}
{"level":"info","message":"::1 - - [14/Oct/2025:14:55:45 +0000] \"POST /api/auth/sign-up HTTP/1.1\" 500 1283 \"-\" \"HTTPie\"","service":"portofolio-api"}
{"level":"info","message":"User undefined crated successfully","service":"portofolio-api"}
{"level":"error","message":"error while signup option sameSite is invalid","service":"portofolio-api","stack":"TypeError: option sameSite is invalid\n    at Object.serialize (E:\\Projects\\DevOpsTrain\\devops-full\\portofolio-backend\\node_modules\\cookie\\index.js:290:15)\n    at res.cookie (E:\\Projects\\DevOpsTrain\\devops-full\\portofolio-backend\\node_modules\\express\\lib\\response.js:777:36)\n    at Object.set (file:///E:/Projects/DevOpsTrain/devops-full/portofolio-backend/src/utils/cookies.js:9:9)\n    at signUp (file:///E:/Projects/DevOpsTrain/devops-full/portofolio-backend/src/controllers/auth.controller.js:29:13)\n    at process.processTicksAndRejections (node:internal/process/task_queues:95:5)"}
{"level":"info","message":"::1 - - [14/Oct/2025:14:57:32 +0000] \"POST /api/auth/sign-up HTTP/1.1\" 500 775 \"-\" \"HTTPie\"","service":"portofolio-api"}
{"level":"error","message":"Error creating user Error: Failed query: insert into \"users\" (\"id\", \"name\", \"email\", \"password\", \"role\", \"created_at\", \"updated_at\") values (default, $1, $2, $3, $4, default, default) returning \"id\", \"name\", \"role\", \"created_at\"\nparams: ansori_test,ansori_test@gmail.com,$2b$10$d1oStZCIW8BP0evdQBZDruJBSOax8tVtYz8wtI5Y4hY3Ud3.upnxG,admin","service":"portofolio-api"}
{"cause":{"code":"23505","constraint":"users_email_unique","detail":"Key (email)=(ansori_test@gmail.com) already exists.","file":"nbtinsert.c","line":"667","name":"NeonDbError","routine":"_bt_check_unique","schema":"public","severity":"ERROR","table":"users"},"level":"error","message":"error while signup Failed query: insert into \"users\" (\"id\", \"name\", \"email\", \"password\", \"role\", \"created_at\", \"updated_at\") values (default, $1, $2, $3, $4, default, default) returning \"id\", \"name\", \"role\", \"created_at\"\nparams: ansori_test,ansori_test@gmail.com,$2b$10$d1oStZCIW8BP0evdQBZDruJBSOax8tVtYz8wtI5Y4hY3Ud3.upnxG,admin","params":["ansori_test","ansori_test@gmail.com","$2b$10$d1oStZCIW8BP0evdQBZDruJBSOax8tVtYz8wtI5Y4hY3Ud3.upnxG","admin"],"query":"insert into \"users\" (\"id\", \"name\", \"email\", \"password\", \"role\", \"created_at\", \"updated_at\") values (default, $1, $2, $3, $4, default, default) returning \"id\", \"name\", \"role\", \"created_at\"","service":"portofolio-api","stack":"Error: Failed query: insert into \"users\" (\"id\", \"name\", \"email\", \"password\", \"role\", \"created_at\", \"updated_at\") values (default, $1, $2, $3, $4, default, default) returning \"id\", \"name\", \"role\", \"created_at\"\nparams: ansori_test,ansori_test@gmail.com,$2b$10$d1oStZCIW8BP0evdQBZDruJBSOax8tVtYz8wtI5Y4hY3Ud3.upnxG,admin\n    at NeonHttpPreparedQuery.queryWithCache (file:///E:/Projects/DevOpsTrain/devops-full/portofolio-backend/node_modules/drizzle-orm/pg-core/session.js:41:15)\n    at process.processTicksAndRejections (node:internal/process/task_queues:95:5)\n    at async NeonHttpPreparedQuery.execute (file:///E:/Projects/DevOpsTrain/devops-full/portofolio-backend/node_modules/drizzle-orm/neon-http/session.js:45:20)\n    at async createUser (file:///E:/Projects/DevOpsTrain/devops-full/portofolio-backend/src/services/auth.service.js:28:23)\n    at async signUp (file:///E:/Projects/DevOpsTrain/devops-full/portofolio-backend/src/controllers/auth.controller.js:21:18)"}
{"level":"info","message":"::1 - - [14/Oct/2025:14:59:28 +0000] \"POST /api/auth/sign-up HTTP/1.1\" 500 1283 \"-\" \"HTTPie\"","service":"portofolio-api"}
{"level":"error","message":"Error creating user Error: Failed query: insert into \"users\" (\"id\", \"name\", \"email\", \"password\", \"role\", \"created_at\", \"updated_at\") values (default, $1, $2, $3, $4, default, default) returning \"id\", \"name\", \"role\", \"created_at\"\nparams: ansori_test,ansori_test@gmail.com,$2b$10$PmmjYk8wmXyVz6ti0U2fOe0toIB4rgGhvjcCePVUaNaYxp50X9AEu,admin","service":"portofolio-api"}
{"cause":{"code":"23505","constraint":"users_email_unique","detail":"Key (email)=(ansori_test@gmail.com) already exists.","file":"nbtinsert.c","line":"667","name":"NeonDbError","routine":"_bt_check_unique","schema":"public","severity":"ERROR","table":"users"},"level":"error","message":"error while signup Failed query: insert into \"users\" (\"id\", \"name\", \"email\", \"password\", \"role\", \"created_at\", \"updated_at\") values (default, $1, $2, $3, $4, default, default) returning \"id\", \"name\", \"role\", \"created_at\"\nparams: ansori_test,ansori_test@gmail.com,$2b$10$PmmjYk8wmXyVz6ti0U2fOe0toIB4rgGhvjcCePVUaNaYxp50X9AEu,admin","params":["ansori_test","ansori_test@gmail.com","$2b$10$PmmjYk8wmXyVz6ti0U2fOe0toIB4rgGhvjcCePVUaNaYxp50X9AEu","admin"],"query":"insert into \"users\" (\"id\", \"name\", \"email\", \"password\", \"role\", \"created_at\", \"updated_at\") values (default, $1, $2, $3, $4, default, default) returning \"id\", \"name\", \"role\", \"created_at\"","service":"portofolio-api","stack":"Error: Failed query: insert into \"users\" (\"id\", \"name\", \"email\", \"password\", \"role\", \"created_at\", \"updated_at\") values (default, $1, $2, $3, $4, default, default) returning \"id\", \"name\", \"role\", \"created_at\"\nparams: ansori_test,ansori_test@gmail.com,$2b$10$PmmjYk8wmXyVz6ti0U2fOe0toIB4rgGhvjcCePVUaNaYxp50X9AEu,admin\n    at NeonHttpPreparedQuery.queryWithCache (file:///E:/Projects/DevOpsTrain/devops-full/portofolio-backend/node_modules/drizzle-orm/pg-core/session.js:41:15)\n    at process.processTicksAndRejections (node:internal/process/task_queues:95:5)\n    at async NeonHttpPreparedQuery.execute (file:///E:/Projects/DevOpsTrain/devops-full/portofolio-backend/node_modules/drizzle-orm/neon-http/session.js:45:20)\n    at async createUser (file:///E:/Projects/DevOpsTrain/devops-full/portofolio-backend/src/services/auth.service.js:28:23)\n    at async signUp (file:///E:/Projects/DevOpsTrain/devops-full/portofolio-backend/src/controllers/auth.controller.js:21:18)"}
{"level":"info","message":"::1 - - [14/Oct/2025:15:00:41 +0000] \"POST /api/auth/sign-up HTTP/1.1\" 500 1283 \"-\" \"HTTPie\"","service":"portofolio-api"}
{"level":"info","message":"User undefined crated successfully","service":"portofolio-api"}
{"level":"error","message":"error while signup option sameSite is invalid","service":"portofolio-api","stack":"TypeError: option sameSite is invalid\n    at Object.serialize (E:\\Projects\\DevOpsTrain\\devops-full\\portofolio-backend\\node_modules\\cookie\\index.js:290:15)\n    at res.cookie (E:\\Projects\\DevOpsTrain\\devops-full\\portofolio-backend\\node_modules\\express\\lib\\response.js:777:36)\n    at Object.set (file:///E:/Projects/DevOpsTrain/devops-full/portofolio-backend/src/utils/cookies.js:9:9)\n    at signUp (file:///E:/Projects/DevOpsTrain/devops-full/portofolio-backend/src/controllers/auth.controller.js:29:13)\n    at process.processTicksAndRejections (node:internal/process/task_queues:95:5)"}
{"level":"info","message":"::1 - - [14/Oct/2025:15:05:34 +0000] \"POST /api/auth/sign-up HTTP/1.1\" 500 775 \"-\" \"HTTPie\"","service":"portofolio-api"}
{"level":"info","message":"User undefined crated successfully","service":"portofolio-api"}
{"level":"error","message":"error while signup option sameSite is invalid","service":"portofolio-api","stack":"TypeError: option sameSite is invalid\n    at Object.serialize (E:\\Projects\\DevOpsTrain\\devops-full\\portofolio-backend\\node_modules\\cookie\\index.js:290:15)\n    at res.cookie (E:\\Projects\\DevOpsTrain\\devops-full\\portofolio-backend\\node_modules\\express\\lib\\response.js:777:36)\n    at Object.set (file:///E:/Projects/DevOpsTrain/devops-full/portofolio-backend/src/utils/cookies.js:9:9)\n    at signUp (file:///E:/Projects/DevOpsTrain/devops-full/portofolio-backend/src/controllers/auth.controller.js:29:13)\n    at process.processTicksAndRejections (node:internal/process/task_queues:95:5)"}
{"level":"info","message":"::1 - - [14/Oct/2025:15:07:12 +0000] \"POST /api/auth/sign-up HTTP/1.1\" 500 775 \"-\" \"HTTPie\"","service":"portofolio-api"}
{"level":"error","message":"Error creating user Error: User already exist","service":"portofolio-api"}
{"level":"error","message":"error while signup User already exist","service":"portofolio-api","stack":"Error: User already exist\n    at createUser (file:///E:/Projects/DevOpsTrain/devops-full/portofolio-backend/src/services/auth.service.js:24:44)\n    at process.processTicksAndRejections (node:internal/process/task_queues:95:5)\n    at async signUp (file:///E:/Projects/DevOpsTrain/devops-full/portofolio-backend/src/controllers/auth.controller.js:21:18)"}
{"level":"info","message":"::1 - - [14/Oct/2025:15:08:17 +0000] \"POST /api/auth/sign-up HTTP/1.1\" 500 517 \"-\" \"HTTPie\"","service":"portofolio-api"}
{"level":"error","message":"Error creating user Error: User with this email already exist","service":"portofolio-api"}
{"level":"error","message":"error while signup User with this email already exist","service":"portofolio-api","stack":"Error: User with this email already exist\n    at createUser (file:///E:/Projects/DevOpsTrain/devops-full/portofolio-backend/src/services/auth.service.js:25:13)\n    at process.processTicksAndRejections (node:internal/process/task_queues:95:5)\n    at async signUp (file:///E:/Projects/DevOpsTrain/devops-full/portofolio-backend/src/controllers/auth.controller.js:21:18)"}
{"level":"info","message":"::1 - - [14/Oct/2025:15:09:07 +0000] \"POST /api/auth/sign-up HTTP/1.1\" 409 35 \"-\" \"HTTPie\"","service":"portofolio-api"}
{"level":"info","message":"User undefined crated successfully","service":"portofolio-api"}
{"level":"error","message":"error while signup option sameSite is invalid","service":"portofolio-api","stack":"TypeError: option sameSite is invalid\n    at Object.serialize (E:\\Projects\\DevOpsTrain\\devops-full\\portofolio-backend\\node_modules\\cookie\\index.js:290:15)\n    at res.cookie (E:\\Projects\\DevOpsTrain\\devops-full\\portofolio-backend\\node_modules\\express\\lib\\response.js:777:36)\n    at Object.set (file:///E:/Projects/DevOpsTrain/devops-full/portofolio-backend/src/utils/cookies.js:9:9)\n    at signUp (file:///E:/Projects/DevOpsTrain/devops-full/portofolio-backend/src/controllers/auth.controller.js:29:13)\n    at process.processTicksAndRejections (node:internal/process/task_queues:95:5)"}
{"level":"info","message":"::1 - - [14/Oct/2025:15:09:28 +0000] \"POST /api/auth/sign-up HTTP/1.1\" 500 775 \"-\" \"HTTPie\"","service":"portofolio-api"}
{"level":"error","message":"Error creating user Error: User with this email already exist","service":"portofolio-api"}
{"level":"error","message":"error while signup User with this email already exist","service":"portofolio-api","stack":"Error: User with this email already exist\n    at createUser (file:///E:/Projects/DevOpsTrain/devops-full/portofolio-backend/src/services/auth.service.js:25:13)\n    at process.processTicksAndRejections (node:internal/process/task_queues:95:5)\n    at async signUp (file:///E:/Projects/DevOpsTrain/devops-full/portofolio-backend/src/controllers/auth.controller.js:21:18)"}
{"level":"info","message":"::1 - - [14/Oct/2025:15:10:30 +0000] \"POST /api/auth/sign-up HTTP/1.1\" 409 35 \"-\" \"HTTPie\"","service":"portofolio-api"}
{"level":"info","message":"User undefined crated successfully","service":"portofolio-api"}
{"level":"error","message":"error while signup option sameSite is invalid","service":"portofolio-api","stack":"TypeError: option sameSite is invalid\n    at Object.serialize (E:\\Projects\\DevOpsTrain\\devops-full\\portofolio-backend\\node_modules\\cookie\\index.js:290:15)\n    at res.cookie (E:\\Projects\\DevOpsTrain\\devops-full\\portofolio-backend\\node_modules\\express\\lib\\response.js:777:36)\n    at Object.set (file:///E:/Projects/DevOpsTrain/devops-full/portofolio-backend/src/utils/cookies.js:9:9)\n    at signUp (file:///E:/Projects/DevOpsTrain/devops-full/portofolio-backend/src/controllers/auth.controller.js:29:13)\n    at process.processTicksAndRejections (node:internal/process/task_queues:95:5)"}
{"level":"info","message":"::1 - - [14/Oct/2025:15:11:09 +0000] \"POST /api/auth/sign-up HTTP/1.1\" 500 775 \"-\" \"HTTPie\"","service":"portofolio-api"}
{"level":"error","message":"Error Sign Out TypeError: option sameSite is invalid","service":"portofolio-api"}
{"level":"info","message":"::1 - - [14/Oct/2025:15:16:03 +0000] \"POST /api/auth/sign-out HTTP/1.1\" 500 1479 \"-\" \"HTTPie\"","service":"portofolio-api"}
{"level":"error","message":"Error Sign Out TypeError: option sameSite is invalid","service":"portofolio-api"}
{"level":"info","message":"::1 - - [14/Oct/2025:15:16:05 +0000] \"POST /api/auth/sign-out HTTP/1.1\" 500 1479 \"-\" \"HTTPie\"","service":"portofolio-api"}
{"level":"error","message":"Error Sign Out TypeError: option sameSite is invalid","service":"portofolio-api"}
{"level":"info","message":"::1 - - [14/Oct/2025:15:16:06 +0000] \"POST /api/auth/sign-out HTTP/1.1\" 500 1479 \"-\" \"HTTPie\"","service":"portofolio-api"}
{"level":"error","message":"Error Sign Out TypeError: option sameSite is invalid","service":"portofolio-api"}
{"level":"info","message":"::1 - - [14/Oct/2025:15:16:18 +0000] \"POST /api/auth/sign-out HTTP/1.1\" 500 1479 \"-\" \"HTTPie\"","service":"portofolio-api"}
{"level":"info","message":"User Sign Out Successfully","service":"portofolio-api"}
{"level":"info","message":"::1 - - [14/Oct/2025:15:19:22 +0000] \"POST /api/auth/sign-out HTTP/1.1\" 200 36 \"-\" \"HTTPie\"","service":"portofolio-api"}
{"level":"error","message":"Error creating user Error: User with this email already exist","service":"portofolio-api"}
{"level":"error","message":"error while signup User with this email already exist","service":"portofolio-api","stack":"Error: User with this email already exist\n    at createUser (file:///E:/Projects/DevOpsTrain/devops-full/portofolio-backend/src/services/auth.service.js:25:13)\n    at process.processTicksAndRejections (node:internal/process/task_queues:95:5)\n    at async signUp (file:///E:/Projects/DevOpsTrain/devops-full/portofolio-backend/src/controllers/auth.controller.js:21:18)"}
{"level":"info","message":"::1 - - [14/Oct/2025:15:19:36 +0000] \"POST /api/auth/sign-up HTTP/1.1\" 409 35 \"-\" \"HTTPie\"","service":"portofolio-api"}
{"level":"error","message":"Error creating user Error: User with this email already exist","service":"portofolio-api"}
{"level":"error","message":"error while signup User with this email already exist","service":"portofolio-api","stack":"Error: User with this email already exist\n    at createUser (file:///E:/Projects/DevOpsTrain/devops-full/portofolio-backend/src/services/auth.service.js:25:13)\n    at process.processTicksAndRejections (node:internal/process/task_queues:95:5)\n    at async signUp (file:///E:/Projects/DevOpsTrain/devops-full/portofolio-backend/src/controllers/auth.controller.js:21:18)"}
{"level":"info","message":"::1 - - [14/Oct/2025:15:20:08 +0000] \"POST /api/auth/sign-up HTTP/1.1\" 409 34 \"-\" \"HTTPie\"","service":"portofolio-api"}
{"level":"error","message":"Error creating user Error: User with this email already exist","service":"portofolio-api"}
{"level":"error","message":"error while signup User with this email already exist","service":"portofolio-api","stack":"Error: User with this email already exist\n    at createUser (file:///E:/Projects/DevOpsTrain/devops-full/portofolio-backend/src/services/auth.service.js:25:13)\n    at process.processTicksAndRejections (node:internal/process/task_queues:95:5)\n    at async signUp (file:///E:/Projects/DevOpsTrain/devops-full/portofolio-backend/src/controllers/auth.controller.js:21:18)"}
{"level":"info","message":"::1 - - [14/Oct/2025:15:32:08 +0000] \"POST /api/auth/sign-up HTTP/1.1\" 409 34 \"-\" \"HTTPie\"","service":"portofolio-api"}
{"level":"info","message":"User undefined crated successfully","service":"portofolio-api"}
{"level":"info","message":"user registered succesfully : ansori_test4@gmail.com","service":"portofolio-api"}
{"level":"info","message":"::1 - - [14/Oct/2025:15:32:25 +0000] \"POST /api/auth/sign-up HTTP/1.1\" 201 83 \"-\" \"HTTPie\"","service":"portofolio-api"}
{"level":"info","message":"User undefined crated successfully","service":"portofolio-api"}
{"level":"info","message":"user registered succesfully : ansori_test5@gmail.com","service":"portofolio-api"}
{"level":"info","message":"::1 - - [14/Oct/2025:15:33:29 +0000] \"POST /api/auth/sign-up HTTP/1.1\" 201 83 \"-\" \"HTTPie\"","service":"portofolio-api"}
{"level":"info","message":"User ansori_test5@gmail.com authenticated successfully","service":"portofolio-api"}
{"level":"info","message":"User SignIn Successfully :ansori_test5@gmail.com ","service":"portofolio-api"}
{"level":"info","message":"::1 - - [16/Oct/2025:12:33:05 +0000] \"POST /api/auth/sign-in HTTP/1.1\" 200 128 \"-\" \"HTTPie\"","service":"portofolio-api"}
{"level":"info","message":"User Sign Out Successfully","service":"portofolio-api"}
{"level":"info","message":"::1 - - [16/Oct/2025:12:36:02 +0000] \"POST /api/auth/sign-out HTTP/1.1\" 200 36 \"-\" \"HTTPie\"","service":"portofolio-api"}
{"level":"info","message":"::1 - - [16/Oct/2025:13:24:45 +0000] \"POST /health HTTP/1.1\" 404 146 \"-\" \"HTTPie\"","service":"portofolio-api"}
{"level":"info","message":"::1 - - [16/Oct/2025:13:24:51 +0000] \"GET /health HTTP/1.1\" 200 74 \"-\" \"HTTPie\"","service":"portofolio-api"}
{"level":"info","message":"::1 - - [16/Oct/2025:13:24:53 +0000] \"GET /health HTTP/1.1\" 200 73 \"-\" \"HTTPie\"","service":"portofolio-api"}
{"level":"info","message":"::1 - - [16/Oct/2025:13:24:54 +0000] \"GET /health HTTP/1.1\" 200 74 \"-\" \"HTTPie\"","service":"portofolio-api"}
{"level":"info","message":"::1 - - [16/Oct/2025:13:24:55 +0000] \"GET /health HTTP/1.1\" 200 74 \"-\" \"HTTPie\"","service":"portofolio-api"}
{"ip":"::1","level":"warn","message":"Rate Limit Exceeded","method":"GET","path":"/health","service":"portofolio-api","userAgent":"HTTPie"}
{"level":"info","message":"::1 - - [16/Oct/2025:13:24:56 +0000] \"GET /health HTTP/1.1\" 403 50 \"-\" \"HTTPie\"","service":"portofolio-api"}
{"ip":"::1","level":"warn","message":"Rate Limit Exceeded","method":"GET","path":"/health","service":"portofolio-api","userAgent":"HTTPie"}
{"level":"info","message":"::1 - - [16/Oct/2025:13:24:57 +0000] \"GET /health HTTP/1.1\" 403 50 \"-\" \"HTTPie\"","service":"portofolio-api"}
{"ip":"::1","level":"warn","message":"Rate Limit Exceeded","method":"GET","path":"/health","service":"portofolio-api","userAgent":"HTTPie"}
{"level":"info","message":"::1 - - [16/Oct/2025:13:24:58 +0000] \"GET /health HTTP/1.1\" 403 50 \"-\" \"HTTPie\"","service":"portofolio-api"}
{"level":"info","message":"::1 - - [16/Oct/2025:13:44:46 +0000] \"GET /health HTTP/1.1\" 200 74 \"-\" \"HTTPie\"","service":"portofolio-api"}
{"level":"info","message":"::1 - - [17/Oct/2025:13:02:40 +0000] \"GET /health HTTP/1.1\" - - \"-\" \"-\"","service":"portofolio-api"}
{"level":"info","message":"::ffff:172.18.0.1 - - [17/Oct/2025:13:03:11 +0000] \"GET /health HTTP/1.1\" 200 75 \"-\" \"HTTPie\"","service":"portofolio-api"}
{"level":"info","message":"::1 - - [17/Oct/2025:13:03:11 +0000] \"GET /health HTTP/1.1\" 200 76 \"-\" \"-\"","service":"portofolio-api"}
{"level":"info","message":"::ffff:172.18.0.1 - - [17/Oct/2025:13:03:40 +0000] \"GET /health HTTP/1.1\" 200 76 \"-\" \"HTTPie\"","service":"portofolio-api"}
{"level":"info","message":"::ffff:172.18.0.1 - - [17/Oct/2025:13:03:41 +0000] \"GET /health HTTP/1.1\" 200 76 \"-\" \"HTTPie\"","service":"portofolio-api"}
{"level":"info","message":"::1 - - [17/Oct/2025:13:03:42 +0000] \"GET /health HTTP/1.1\" 200 76 \"-\" \"-\"","service":"portofolio-api"}
{"ip":"::ffff:172.18.0.1","level":"warn","message":"Rate Limit Exceeded","method":"GET","path":"/health","service":"portofolio-api","userAgent":"HTTPie"}
{"level":"info","message":"::ffff:172.18.0.1 - - [17/Oct/2025:13:03:42 +0000] \"GET /health HTTP/1.1\" 403 50 \"-\" \"HTTPie\"","service":"portofolio-api"}
{"ip":"::ffff:172.18.0.1","level":"warn","message":"Rate Limit Exceeded","method":"GET","path":"/health","service":"portofolio-api","userAgent":"HTTPie"}
{"level":"info","message":"::ffff:172.18.0.1 - - [17/Oct/2025:13:03:44 +0000] \"GET /health HTTP/1.1\" 403 50 \"-\" \"HTTPie\"","service":"portofolio-api"}
{"level":"info","message":"::1 - - [17/Oct/2025:13:04:13 +0000] \"GET /health HTTP/1.1\" 200 77 \"-\" \"-\"","service":"portofolio-api"}
{"level":"info","message":"::1 - - [17/Oct/2025:13:04:46 +0000] \"GET /health HTTP/1.1\" - - \"-\" \"-\"","service":"portofolio-api"}
{"level":"info","message":"::1 - - [17/Oct/2025:13:05:18 +0000] \"GET /health HTTP/1.1\" 200 76 \"-\" \"-\"","service":"portofolio-api"}
{"level":"info","message":"::ffff:172.18.0.1 - - [17/Oct/2025:13:05:21 +0000] \"GET /health HTTP/1.1\" 200 77 \"-\" \"Mozilla/5.0 (Windows NT 10.0; Win64; x64) AppleWebKit/537.36 (KHTML, like Gecko) Chrome/141.0.0.0 Safari/537.36\"","service":"portofolio-api"}
{"level":"info","message":"::ffff:172.18.0.1 - - [17/Oct/2025:13:05:22 +0000] \"GET /favicon.ico HTTP/1.1\" 404 150 \"-\" \"Mozilla/5.0 (Windows NT 10.0; Win64; x64) AppleWebKit/537.36 (KHTML, like Gecko) Chrome/141.0.0.0 Safari/537.36\"","service":"portofolio-api"}
{"level":"info","message":"::ffff:172.18.0.1 - - [17/Oct/2025:13:05:27 +0000] \"GET /health HTTP/1.1\" 200 76 \"-\" \"Mozilla/5.0 (Windows NT 10.0; Win64; x64) AppleWebKit/537.36 (KHTML, like Gecko) Chrome/141.0.0.0 Safari/537.36\"","service":"portofolio-api"}
{"ip":"::ffff:172.18.0.1","level":"warn","message":"Rate Limit Exceeded","method":"GET","path":"/health","service":"portofolio-api","userAgent":"Mozilla/5.0 (Windows NT 10.0; Win64; x64) AppleWebKit/537.36 (KHTML, like Gecko) Chrome/141.0.0.0 Safari/537.36"}
{"level":"info","message":"::ffff:172.18.0.1 - - [17/Oct/2025:13:05:28 +0000] \"GET /health HTTP/1.1\" 403 50 \"-\" \"Mozilla/5.0 (Windows NT 10.0; Win64; x64) AppleWebKit/537.36 (KHTML, like Gecko) Chrome/141.0.0.0 Safari/537.36\"","service":"portofolio-api"}
{"ip":"::ffff:172.18.0.1","level":"warn","message":"Rate Limit Exceeded","method":"GET","path":"/health","service":"portofolio-api","userAgent":"Mozilla/5.0 (Windows NT 10.0; Win64; x64) AppleWebKit/537.36 (KHTML, like Gecko) Chrome/141.0.0.0 Safari/537.36"}
{"level":"info","message":"::ffff:172.18.0.1 - - [17/Oct/2025:13:05:29 +0000] \"GET /health HTTP/1.1\" 403 50 \"-\" \"Mozilla/5.0 (Windows NT 10.0; Win64; x64) AppleWebKit/537.36 (KHTML, like Gecko) Chrome/141.0.0.0 Safari/537.36\"","service":"portofolio-api"}
{"ip":"::1","level":"warn","message":"Rate Limit Exceeded","method":"GET","path":"/health","service":"portofolio-api"}
{"level":"info","message":"::1 - - [17/Oct/2025:13:05:49 +0000] \"GET /health HTTP/1.1\" 403 50 \"-\" \"-\"","service":"portofolio-api"}
{"level":"info","message":"::1 - - [17/Oct/2025:13:06:24 +0000] \"GET /health HTTP/1.1\" - - \"-\" \"-\"","service":"portofolio-api"}
{"level":"info","message":"::1 - - [17/Oct/2025:13:06:55 +0000] \"GET /health HTTP/1.1\" 200 77 \"-\" \"-\"","service":"portofolio-api"}
{"level":"info","message":"::1 - - [17/Oct/2025:13:07:26 +0000] \"GET /health HTTP/1.1\" 200 77 \"-\" \"-\"","service":"portofolio-api"}
{"level":"info","message":"::1 - - [17/Oct/2025:13:07:57 +0000] \"GET /health HTTP/1.1\" 200 77 \"-\" \"-\"","service":"portofolio-api"}
{"level":"info","message":"::1 - - [17/Oct/2025:13:08:28 +0000] \"GET /health HTTP/1.1\" 200 77 \"-\" \"-\"","service":"portofolio-api"}
{"level":"info","message":"User undefined crated successfully","service":"portofolio-api"}
{"level":"info","message":"user registered succesfully : paong@gmail.com","service":"portofolio-api"}
{"level":"info","message":"::ffff:172.18.0.1 - - [17/Oct/2025:13:08:51 +0000] \"POST /api/auth/sign-up HTTP/1.1\" 201 75 \"-\" \"HTTPie\"","service":"portofolio-api"}
{"level":"info","message":"::1 - - [17/Oct/2025:13:08:59 +0000] \"GET /health HTTP/1.1\" 200 77 \"-\" \"-\"","service":"portofolio-api"}
{"level":"info","message":"User paong@gmail.com authenticated successfully","service":"portofolio-api"}
{"level":"info","message":"User SignIn Successfully :paong@gmail.com ","service":"portofolio-api"}
{"level":"info","message":"::ffff:172.18.0.1 - - [17/Oct/2025:13:09:27 +0000] \"POST /api/auth/sign-in HTTP/1.1\" 200 113 \"-\" \"HTTPie\"","service":"portofolio-api"}
{"level":"info","message":"::1 - - [17/Oct/2025:13:09:29 +0000] \"GET /health HTTP/1.1\" 200 77 \"-\" \"-\"","service":"portofolio-api"}
{"level":"info","message":"::1 - - [17/Oct/2025:13:10:38 +0000] \"GET /health HTTP/1.1\" - - \"-\" \"-\"","service":"portofolio-api"}
{"level":"info","message":"::1 - - [17/Oct/2025:13:11:10 +0000] \"GET /health HTTP/1.1\" 200 76 \"-\" \"-\"","service":"portofolio-api"}
{"level":"info","message":"::1 - - [17/Oct/2025:13:11:41 +0000] \"GET /health HTTP/1.1\" 200 76 \"-\" \"-\"","service":"portofolio-api"}
{"level":"info","message":"::1 - - [17/Oct/2025:13:12:13 +0000] \"GET /health HTTP/1.1\" 200 77 \"-\" \"-\"","service":"portofolio-api"}
{"level":"info","message":"::1 - - [17/Oct/2025:13:12:46 +0000] \"GET /health HTTP/1.1\" 200 77 \"-\" \"-\"","service":"portofolio-api"}
{"level":"info","message":"::1 - - [17/Oct/2025:13:13:18 +0000] \"GET /health HTTP/1.1\" 200 77 \"-\" \"-\"","service":"portofolio-api"}
{"level":"info","message":"::1 - - [17/Oct/2025:13:13:51 +0000] \"GET /health HTTP/1.1\" 200 77 \"-\" \"-\"","service":"portofolio-api"}
{"level":"info","message":"::1 - - [17/Oct/2025:13:14:22 +0000] \"GET /health HTTP/1.1\" 200 77 \"-\" \"-\"","service":"portofolio-api"}
{"level":"info","message":"::1 - - [17/Oct/2025:13:14:53 +0000] \"GET /health HTTP/1.1\" 200 77 \"-\" \"-\"","service":"portofolio-api"}
{"level":"info","message":"::1 - - [17/Oct/2025:13:15:23 +0000] \"GET /health HTTP/1.1\" 200 77 \"-\" \"-\"","service":"portofolio-api"}
{"level":"info","message":"::1 - - [17/Oct/2025:13:15:54 +0000] \"GET /health HTTP/1.1\" 200 77 \"-\" \"-\"","service":"portofolio-api"}
{"cause":{"name":"NeonDbError","sourceError":{}},"level":"error","message":"Error authenticating user Failed query: select \"id\", \"name\", \"email\", \"password\", \"role\", \"created_at\", \"updated_at\" from \"users\" where \"users\".\"email\" = $1 limit $2\nparams: paong@gmail.com,1","params":["paong@gmail.com",1],"query":"select \"id\", \"name\", \"email\", \"password\", \"role\", \"created_at\", \"updated_at\" from \"users\" where \"users\".\"email\" = $1 limit $2","service":"portofolio-api","stack":"Error: Failed query: select \"id\", \"name\", \"email\", \"password\", \"role\", \"created_at\", \"updated_at\" from \"users\" where \"users\".\"email\" = $1 limit $2\nparams: paong@gmail.com,1\n    at NeonHttpPreparedQuery.queryWithCache (file:///E:/Projects/DevOpsTrain/devops-full/portofolio-backend/node_modules/drizzle-orm/pg-core/session.js:41:15)\n    at process.processTicksAndRejections (node:internal/process/task_queues:95:5)\n    at async NeonHttpPreparedQuery.execute (file:///E:/Projects/DevOpsTrain/devops-full/portofolio-backend/node_modules/drizzle-orm/neon-http/session.js:45:20)\n    at async authenticateUser (file:///E:/Projects/DevOpsTrain/devops-full/portofolio-backend/src/services/auth.service.js:59:27)\n    at async signIn (file:///E:/Projects/DevOpsTrain/devops-full/portofolio-backend/src/controllers/auth.controller.js:64:18)"}
{"cause":{"name":"NeonDbError","sourceError":{}},"level":"error","message":"Error Sign In Failed query: select \"id\", \"name\", \"email\", \"password\", \"role\", \"created_at\", \"updated_at\" from \"users\" where \"users\".\"email\" = $1 limit $2\nparams: paong@gmail.com,1","params":["paong@gmail.com",1],"query":"select \"id\", \"name\", \"email\", \"password\", \"role\", \"created_at\", \"updated_at\" from \"users\" where \"users\".\"email\" = $1 limit $2","service":"portofolio-api","stack":"Error: Failed query: select \"id\", \"name\", \"email\", \"password\", \"role\", \"created_at\", \"updated_at\" from \"users\" where \"users\".\"email\" = $1 limit $2\nparams: paong@gmail.com,1\n    at NeonHttpPreparedQuery.queryWithCache (file:///E:/Projects/DevOpsTrain/devops-full/portofolio-backend/node_modules/drizzle-orm/pg-core/session.js:41:15)\n    at process.processTicksAndRejections (node:internal/process/task_queues:95:5)\n    at async NeonHttpPreparedQuery.execute (file:///E:/Projects/DevOpsTrain/devops-full/portofolio-backend/node_modules/drizzle-orm/neon-http/session.js:45:20)\n    at async authenticateUser (file:///E:/Projects/DevOpsTrain/devops-full/portofolio-backend/src/services/auth.service.js:59:27)\n    at async signIn (file:///E:/Projects/DevOpsTrain/devops-full/portofolio-backend/src/controllers/auth.controller.js:64:18)"}
{"level":"info","message":"::1 - - [20/Oct/2025:16:04:00 +0000] \"POST /api/auth/sign-in HTTP/1.1\" 500 1124 \"-\" \"HTTPie\"","service":"portofolio-api"}
{"cause":{"name":"NeonDbError","sourceError":{}},"level":"error","message":"Error authenticating user Failed query: select \"id\", \"name\", \"email\", \"password\", \"role\", \"created_at\", \"updated_at\" from \"users\" where \"users\".\"email\" = $1 limit $2\nparams: paong@gmail.com,1","params":["paong@gmail.com",1],"query":"select \"id\", \"name\", \"email\", \"password\", \"role\", \"created_at\", \"updated_at\" from \"users\" where \"users\".\"email\" = $1 limit $2","service":"portofolio-api","stack":"Error: Failed query: select \"id\", \"name\", \"email\", \"password\", \"role\", \"created_at\", \"updated_at\" from \"users\" where \"users\".\"email\" = $1 limit $2\nparams: paong@gmail.com,1\n    at NeonHttpPreparedQuery.queryWithCache (file:///E:/Projects/DevOpsTrain/devops-full/portofolio-backend/node_modules/drizzle-orm/pg-core/session.js:41:15)\n    at process.processTicksAndRejections (node:internal/process/task_queues:95:5)\n    at async NeonHttpPreparedQuery.execute (file:///E:/Projects/DevOpsTrain/devops-full/portofolio-backend/node_modules/drizzle-orm/neon-http/session.js:45:20)\n    at async authenticateUser (file:///E:/Projects/DevOpsTrain/devops-full/portofolio-backend/src/services/auth.service.js:59:27)\n    at async signIn (file:///E:/Projects/DevOpsTrain/devops-full/portofolio-backend/src/controllers/auth.controller.js:64:18)"}
{"cause":{"name":"NeonDbError","sourceError":{}},"level":"error","message":"Error Sign In Failed query: select \"id\", \"name\", \"email\", \"password\", \"role\", \"created_at\", \"updated_at\" from \"users\" where \"users\".\"email\" = $1 limit $2\nparams: paong@gmail.com,1","params":["paong@gmail.com",1],"query":"select \"id\", \"name\", \"email\", \"password\", \"role\", \"created_at\", \"updated_at\" from \"users\" where \"users\".\"email\" = $1 limit $2","service":"portofolio-api","stack":"Error: Failed query: select \"id\", \"name\", \"email\", \"password\", \"role\", \"created_at\", \"updated_at\" from \"users\" where \"users\".\"email\" = $1 limit $2\nparams: paong@gmail.com,1\n    at NeonHttpPreparedQuery.queryWithCache (file:///E:/Projects/DevOpsTrain/devops-full/portofolio-backend/node_modules/drizzle-orm/pg-core/session.js:41:15)\n    at process.processTicksAndRejections (node:internal/process/task_queues:95:5)\n    at async NeonHttpPreparedQuery.execute (file:///E:/Projects/DevOpsTrain/devops-full/portofolio-backend/node_modules/drizzle-orm/neon-http/session.js:45:20)\n    at async authenticateUser (file:///E:/Projects/DevOpsTrain/devops-full/portofolio-backend/src/services/auth.service.js:59:27)\n    at async signIn (file:///E:/Projects/DevOpsTrain/devops-full/portofolio-backend/src/controllers/auth.controller.js:64:18)"}
{"level":"info","message":"::1 - - [20/Oct/2025:16:04:32 +0000] \"POST /api/auth/sign-in HTTP/1.1\" 500 1124 \"-\" \"HTTPie\"","service":"portofolio-api"}
{"cause":{"name":"NeonDbError","sourceError":{}},"level":"error","message":"Error authenticating user Failed query: select \"id\", \"name\", \"email\", \"password\", \"role\", \"created_at\", \"updated_at\" from \"users\" where \"users\".\"email\" = $1 limit $2\nparams: paong@gmail.com,1","params":["paong@gmail.com",1],"query":"select \"id\", \"name\", \"email\", \"password\", \"role\", \"created_at\", \"updated_at\" from \"users\" where \"users\".\"email\" = $1 limit $2","service":"portofolio-api","stack":"Error: Failed query: select \"id\", \"name\", \"email\", \"password\", \"role\", \"created_at\", \"updated_at\" from \"users\" where \"users\".\"email\" = $1 limit $2\nparams: paong@gmail.com,1\n    at NeonHttpPreparedQuery.queryWithCache (file:///E:/Projects/DevOpsTrain/devops-full/portofolio-backend/node_modules/drizzle-orm/pg-core/session.js:41:15)\n    at process.processTicksAndRejections (node:internal/process/task_queues:95:5)\n    at async NeonHttpPreparedQuery.execute (file:///E:/Projects/DevOpsTrain/devops-full/portofolio-backend/node_modules/drizzle-orm/neon-http/session.js:45:20)\n    at async authenticateUser (file:///E:/Projects/DevOpsTrain/devops-full/portofolio-backend/src/services/auth.service.js:59:27)\n    at async signIn (file:///E:/Projects/DevOpsTrain/devops-full/portofolio-backend/src/controllers/auth.controller.js:64:18)"}
{"cause":{"name":"NeonDbError","sourceError":{}},"level":"error","message":"Error Sign In Failed query: select \"id\", \"name\", \"email\", \"password\", \"role\", \"created_at\", \"updated_at\" from \"users\" where \"users\".\"email\" = $1 limit $2\nparams: paong@gmail.com,1","params":["paong@gmail.com",1],"query":"select \"id\", \"name\", \"email\", \"password\", \"role\", \"created_at\", \"updated_at\" from \"users\" where \"users\".\"email\" = $1 limit $2","service":"portofolio-api","stack":"Error: Failed query: select \"id\", \"name\", \"email\", \"password\", \"role\", \"created_at\", \"updated_at\" from \"users\" where \"users\".\"email\" = $1 limit $2\nparams: paong@gmail.com,1\n    at NeonHttpPreparedQuery.queryWithCache (file:///E:/Projects/DevOpsTrain/devops-full/portofolio-backend/node_modules/drizzle-orm/pg-core/session.js:41:15)\n    at process.processTicksAndRejections (node:internal/process/task_queues:95:5)\n    at async NeonHttpPreparedQuery.execute (file:///E:/Projects/DevOpsTrain/devops-full/portofolio-backend/node_modules/drizzle-orm/neon-http/session.js:45:20)\n    at async authenticateUser (file:///E:/Projects/DevOpsTrain/devops-full/portofolio-backend/src/services/auth.service.js:59:27)\n    at async signIn (file:///E:/Projects/DevOpsTrain/devops-full/portofolio-backend/src/controllers/auth.controller.js:64:18)"}
{"level":"info","message":"::1 - - [20/Oct/2025:16:06:40 +0000] \"POST /api/auth/sign-in HTTP/1.1\" 500 1124 \"-\" \"HTTPie\"","service":"portofolio-api"}
{"cause":{"name":"NeonDbError","sourceError":{}},"level":"error","message":"Error authenticating user Failed query: select \"id\", \"name\", \"email\", \"password\", \"role\", \"created_at\", \"updated_at\" from \"users\" where \"users\".\"email\" = $1 limit $2\nparams: paong@gmail.com,1","params":["paong@gmail.com",1],"query":"select \"id\", \"name\", \"email\", \"password\", \"role\", \"created_at\", \"updated_at\" from \"users\" where \"users\".\"email\" = $1 limit $2","service":"portofolio-api","stack":"Error: Failed query: select \"id\", \"name\", \"email\", \"password\", \"role\", \"created_at\", \"updated_at\" from \"users\" where \"users\".\"email\" = $1 limit $2\nparams: paong@gmail.com,1\n    at NeonHttpPreparedQuery.queryWithCache (file:///E:/Projects/DevOpsTrain/devops-full/portofolio-backend/node_modules/drizzle-orm/pg-core/session.js:41:15)\n    at process.processTicksAndRejections (node:internal/process/task_queues:95:5)\n    at async NeonHttpPreparedQuery.execute (file:///E:/Projects/DevOpsTrain/devops-full/portofolio-backend/node_modules/drizzle-orm/neon-http/session.js:45:20)\n    at async authenticateUser (file:///E:/Projects/DevOpsTrain/devops-full/portofolio-backend/src/services/auth.service.js:59:27)\n    at async signIn (file:///E:/Projects/DevOpsTrain/devops-full/portofolio-backend/src/controllers/auth.controller.js:64:18)"}
{"cause":{"name":"NeonDbError","sourceError":{}},"level":"error","message":"Error Sign In Failed query: select \"id\", \"name\", \"email\", \"password\", \"role\", \"created_at\", \"updated_at\" from \"users\" where \"users\".\"email\" = $1 limit $2\nparams: paong@gmail.com,1","params":["paong@gmail.com",1],"query":"select \"id\", \"name\", \"email\", \"password\", \"role\", \"created_at\", \"updated_at\" from \"users\" where \"users\".\"email\" = $1 limit $2","service":"portofolio-api","stack":"Error: Failed query: select \"id\", \"name\", \"email\", \"password\", \"role\", \"created_at\", \"updated_at\" from \"users\" where \"users\".\"email\" = $1 limit $2\nparams: paong@gmail.com,1\n    at NeonHttpPreparedQuery.queryWithCache (file:///E:/Projects/DevOpsTrain/devops-full/portofolio-backend/node_modules/drizzle-orm/pg-core/session.js:41:15)\n    at process.processTicksAndRejections (node:internal/process/task_queues:95:5)\n    at async NeonHttpPreparedQuery.execute (file:///E:/Projects/DevOpsTrain/devops-full/portofolio-backend/node_modules/drizzle-orm/neon-http/session.js:45:20)\n    at async authenticateUser (file:///E:/Projects/DevOpsTrain/devops-full/portofolio-backend/src/services/auth.service.js:59:27)\n    at async signIn (file:///E:/Projects/DevOpsTrain/devops-full/portofolio-backend/src/controllers/auth.controller.js:64:18)"}
{"level":"info","message":"::1 - - [20/Oct/2025:16:07:47 +0000] \"POST /api/auth/sign-in HTTP/1.1\" 500 1124 \"-\" \"HTTPie\"","service":"portofolio-api"}
